<SOLUTION>
<TOPOOPTDATA>
<HEADER>
 <COLUMN ID="    1">Iteration</COLUMN>
 <COLUMN ID="    2">Objective</COLUMN>
 <COLUMN ID="    3">Non-dimensional_Objective</COLUMN>
 <COLUMN ID="    4">OBJCC</COLUMN>
 <COLUMN ID="    5">Mass_Constraint_89</COLUMN>
 <COLUMN ID="    6">Mass_Constraint_89_Normalized</COLUMN>
 <COLUMN ID="    7">Mass_Constraint_89_Max</COLUMN>
 <UNITS>MPA</UNITS>
</HEADER>
<COLDATA>
              0  2.545958e+04              ---              ---     1.394698e-04     3.000000e+00     6.973490e-05     
              1  3.349110e+04                1              ---     1.438493e-04     3.125604e+00     6.973490e-05     
              2  3.334737e+04         0.995708         0.994593     1.387934e-04     2.980602e+00     6.973490e-05     
              3  3.323381e+04         0.992318         0.914766     1.332885e-04     2.822721e+00     6.973490e-05     
              4  3.314812e+04         0.989759         0.850129     1.288387e-04     2.695101e+00     6.973490e-05     
              5  3.293973e+04         0.983537         0.778388     1.235773e-04     2.544203e+00     6.973490e-05     
              6  3.219264e+04          0.96123          0.66012     1.141866e-04     2.274878e+00     6.973490e-05     
              7  3.189408e+04         0.952315         0.394369     9.658944e-05     1.770189e+00     6.973490e-05     
              8  3.083963e+04         0.920831         0.253689     8.512040e-05     1.441257e+00     6.973490e-05     
              9  2.935979e+04         0.876644         0.137063     7.594672e-05     1.178155e+00     6.973490e-05     
             10  2.807511e+04         0.838286        0.0580528     7.073185e-05     1.028593e+00     6.973490e-05     
             11  2.727809e+04         0.814488        0.0283886     6.974492e-05     1.000287e+00     6.973490e-05     
             12  2.696778e+04         0.805222         0.011376     6.973470e-05     9.999944e-01     6.973490e-05     
             13  2.668595e+04         0.796807        0.0104505     6.973474e-05     9.999954e-01     6.973490e-05     
             14  2.646090e+04         0.790087        0.0084335     6.973470e-05     9.999943e-01     6.973490e-05     
             15  2.640033e+04         0.788279        0.0022889     6.973452e-05     9.999891e-01     6.973490e-05     
             16  2.619784e+04         0.782233          0.00767     6.973472e-05     9.999948e-01     6.973490e-05     
             17  2.615205e+04         0.780866       0.00174772     6.973452e-05     9.999892e-01     6.973490e-05     
             18  2.607076e+04         0.778438       0.00310853     6.973472e-05     9.999949e-01     6.973490e-05     
             19  2.601546e+04         0.776787       0.00212121     6.973460e-05     9.999914e-01     6.973490e-05     
             20  2.582273e+04         0.771032       0.00740821     6.973472e-05     9.999950e-01     6.973490e-05     
             21  2.603333e+04         0.777321       0.00815582     6.973461e-05     9.999917e-01     6.973490e-05     
             22  2.566602e+04         0.766353        0.0141094     6.973473e-05     9.999951e-01     6.973490e-05     
             23  2.562148e+04         0.765023       0.00173536     6.973462e-05     9.999921e-01     6.973490e-05     
             24  2.528970e+04         0.755117        0.0129494     6.973473e-05     9.999951e-01     6.973490e-05     
             25  2.519853e+04         0.752395       0.00360468     6.973462e-05     9.999919e-01     6.973490e-05     
             26  2.506172e+04          0.74831       0.00542951     6.973477e-05     9.999963e-01     6.973490e-05     
             27  2.497855e+04         0.745826       0.00331859     6.973462e-05     9.999919e-01     6.973490e-05     
             28  2.491825e+04         0.744026         0.002414     6.973483e-05     9.999980e-01     6.973490e-05     
             29  2.489449e+04         0.743316      0.000953756     6.973476e-05     9.999960e-01     6.973490e-05     
             30  2.485508e+04          0.74214       0.00158294     6.973476e-05     9.999959e-01     6.973490e-05     
             31  2.483128e+04         0.741429      0.000957528     6.973476e-05     9.999961e-01     6.973490e-05     
             32  2.479194e+04         0.740255       0.00158411     6.973476e-05     9.999961e-01     6.973490e-05     
             33  2.475859e+04         0.739259        0.0013453     6.973477e-05     9.999963e-01     6.973490e-05     
             34  2.474002e+04         0.738704      0.000749897     6.973477e-05     9.999964e-01     6.973490e-05     
             35  2.469660e+04         0.737408       0.00175538     6.973477e-05     9.999964e-01     6.973490e-05     
             36  2.465146e+04          0.73606       0.00182781     6.973462e-05     9.999920e-01     6.973490e-05     
             37  2.459946e+04         0.734507       0.00210928     6.973476e-05     9.999960e-01     6.973490e-05     
             38  2.458774e+04         0.734158      0.000476214     6.973472e-05     9.999948e-01     6.973490e-05     
             39  2.456980e+04         0.733622      0.000729998     6.973466e-05     9.999933e-01     6.973490e-05     
             40  2.456544e+04         0.733491      0.000177316     6.973462e-05     9.999920e-01     6.973490e-05     
</COLDATA>
</TOPOOPTDATA>
</SOLUTION>
